<?xml version="1.0" encoding="UTF-8"?>
<testng-results skipped="0" failed="0" ignored="0" total="2" passed="2">
  <reporter-output>
  </reporter-output>
  <suite name="Default suite" duration-ms="55259" started-at="2018-02-25T02:32:06Z" finished-at="2018-02-25T02:33:02Z">
    <groups>
    </groups>
    <test name="Default test" duration-ms="55259" started-at="2018-02-25T02:32:06Z" finished-at="2018-02-25T02:33:02Z">
      <class name="com.test.stanford.my_test.LandingPagesTest">
        <test-method status="PASS" signature="beforeClass()[pri:0, instance:com.test.stanford.my_test.LandingPagesTest@63440df3]" name="beforeClass" is-config="true" duration-ms="3299" started-at="2018-02-24T18:32:06Z" finished-at="2018-02-24T18:32:10Z">
          <reporter-output>
          </reporter-output>
        </test-method> <!-- beforeClass -->
        <test-method status="PASS" signature="LinkCheck(java.lang.String, java.lang.String, java.lang.String)[pri:0, instance:com.test.stanford.my_test.LandingPagesTest@63440df3]" name="LinkCheck" duration-ms="27961" started-at="2018-02-24T18:32:10Z" data-provider="data-provider" finished-at="2018-02-24T18:32:38Z">
          <params>
            <param index="0">
              <value>
                <![CDATA[TuscanytripTest1]]>
              </value>
            </param>
            <param index="1">
              <value>
                <![CDATA[https://alumni.stanford.edu/get/page/travel-study/trip/?ciid=91321]]>
              </value>
            </param>
            <param index="2">
              <value>
                <![CDATA[Trip Details: Travel/Study - Stanford Alumni Association]]>
              </value>
            </param>
          </params>
          <reporter-output>
          </reporter-output>
        </test-method> <!-- LinkCheck -->
        <test-method status="PASS" signature="LinkCheck(java.lang.String, java.lang.String, java.lang.String)[pri:0, instance:com.test.stanford.my_test.LandingPagesTest@63440df3]" name="LinkCheck" duration-ms="23616" started-at="2018-02-24T18:32:38Z" data-provider="data-provider" finished-at="2018-02-24T18:33:01Z">
          <params>
            <param index="0">
              <value>
                <![CDATA[TuscanytripTest2]]>
              </value>
            </param>
            <param index="1">
              <value>
                <![CDATA[https://alumni.stanford.edu/get/page/travel-study/trip]]>
              </value>
            </param>
            <param index="2">
              <value>
                <![CDATA[Trip Details: Travel/Study - Stanford Alumni Association]]>
              </value>
            </param>
          </params>
          <reporter-output>
          </reporter-output>
        </test-method> <!-- LinkCheck -->
        <test-method status="PASS" signature="afterClass()[pri:0, instance:com.test.stanford.my_test.LandingPagesTest@63440df3]" name="afterClass" is-config="true" duration-ms="194" started-at="2018-02-24T18:33:01Z" finished-at="2018-02-24T18:33:02Z">
          <reporter-output>
          </reporter-output>
        </test-method> <!-- afterClass -->
      </class> <!-- com.test.stanford.my_test.LandingPagesTest -->
    </test> <!-- Default test -->
  </suite> <!-- Default suite -->
</testng-results>
